<?xml version="1.0" encoding="UTF-8"?>
<testsuite name="VisaConfirmationTest"
           tests="2"
           failures="0"
           errors="0"
           skipped="0"
           time="2.797">
  <properties />
  
  
            <testcase name="aChileanComingToTheUKForWorkAndPlansOnStayingForLongerThanSixMonths" time="1.493" classname="gov.uk.check.visa.testsuite.VisaConfirmationTest" />
                <testcase name="aColumbianNationalComingToTheUKToJoinAPartnerForALongStayTheyDoHaveAnArticle10Or20Card" time="1.304" classname="gov.uk.check.visa.testsuite.VisaConfirmationTest" />
      
</testsuite>
